<?xml version="1.0" encoding="UTF-8"?>
<testsuite xmlns:xsi="http://www.w3.org/2001/XMLSchema-instance" xsi:noNamespaceSchemaLocation="https://maven.apache.org/surefire/maven-surefire-plugin/xsd/surefire-test-report.xsd" version="3.0.2" name="com.example.schedulingdemo.SchedulingDemoApplicationTests" time="2.81" tests="1" errors="0" skipped="0" failures="0">
  <properties>
    <property name="java.specification.version" value="24"/>
    <property name="sun.jnu.encoding" value="UTF-8"/>
    <property name="java.class.path" value="/Users/subodhshetty/Documents/Codes/Scheduling-Demo/target/test-classes:/Users/subodhshetty/Documents/Codes/Scheduling-Demo/target/classes:/Users/subodhshetty/.m2/repository/org/springframework/boot/spring-boot-starter/3.5.5/spring-boot-starter-3.5.5.jar:/Users/subodhshetty/.m2/repository/org/springframework/boot/spring-boot/3.5.5/spring-boot-3.5.5.jar:/Users/subodhshetty/.m2/repository/org/springframework/spring-context/6.2.10/spring-context-6.2.10.jar:/Users/subodhshetty/.m2/repository/org/springframework/boot/spring-boot-autoconfigure/3.5.5/spring-boot-autoconfigure-3.5.5.jar:/Users/subodhshetty/.m2/repository/org/springframework/boot/spring-boot-starter-logging/3.5.5/spring-boot-starter-logging-3.5.5.jar:/Users/subodhshetty/.m2/repository/ch/qos/logback/logback-classic/1.5.18/logback-classic-1.5.18.jar:/Users/subodhshetty/.m2/repository/ch/qos/logback/logback-core/1.5.18/logback-core-1.5.18.jar:/Users/subodhshetty/.m2/repository/org/apache/logging/log4j/log4j-to-slf4j/2.24.3/log4j-to-slf4j-2.24.3.jar:/Users/subodhshetty/.m2/repository/org/apache/logging/log4j/log4j-api/2.24.3/log4j-api-2.24.3.jar:/Users/subodhshetty/.m2/repository/org/slf4j/jul-to-slf4j/2.0.17/jul-to-slf4j-2.0.17.jar:/Users/subodhshetty/.m2/repository/jakarta/annotation/jakarta.annotation-api/2.1.1/jakarta.annotation-api-2.1.1.jar:/Users/subodhshetty/.m2/repository/org/springframework/spring-core/6.2.10/spring-core-6.2.10.jar:/Users/subodhshetty/.m2/repository/org/springframework/spring-jcl/6.2.10/spring-jcl-6.2.10.jar:/Users/subodhshetty/.m2/repository/org/yaml/snakeyaml/2.4/snakeyaml-2.4.jar:/Users/subodhshetty/.m2/repository/org/springframework/boot/spring-boot-starter-test/3.5.5/spring-boot-starter-test-3.5.5.jar:/Users/subodhshetty/.m2/repository/org/springframework/boot/spring-boot-test/3.5.5/spring-boot-test-3.5.5.jar:/Users/subodhshetty/.m2/repository/org/springframework/boot/spring-boot-test-autoconfigure/3.5.5/spring-boot-test-autoconfigure-3.5.5.jar:/Users/subodhshetty/.m2/repository/com/jayway/jsonpath/json-path/2.9.0/json-path-2.9.0.jar:/Users/subodhshetty/.m2/repository/org/slf4j/slf4j-api/2.0.17/slf4j-api-2.0.17.jar:/Users/subodhshetty/.m2/repository/jakarta/xml/bind/jakarta.xml.bind-api/4.0.2/jakarta.xml.bind-api-4.0.2.jar:/Users/subodhshetty/.m2/repository/jakarta/activation/jakarta.activation-api/2.1.3/jakarta.activation-api-2.1.3.jar:/Users/subodhshetty/.m2/repository/net/minidev/json-smart/2.5.2/json-smart-2.5.2.jar:/Users/subodhshetty/.m2/repository/net/minidev/accessors-smart/2.5.2/accessors-smart-2.5.2.jar:/Users/subodhshetty/.m2/repository/org/ow2/asm/asm/9.7.1/asm-9.7.1.jar:/Users/subodhshetty/.m2/repository/org/assertj/assertj-core/3.27.4/assertj-core-3.27.4.jar:/Users/subodhshetty/.m2/repository/net/bytebuddy/byte-buddy/1.17.7/byte-buddy-1.17.7.jar:/Users/subodhshetty/.m2/repository/org/awaitility/awaitility/4.2.2/awaitility-4.2.2.jar:/Users/subodhshetty/.m2/repository/org/hamcrest/hamcrest/3.0/hamcrest-3.0.jar:/Users/subodhshetty/.m2/repository/org/junit/jupiter/junit-jupiter/5.12.2/junit-jupiter-5.12.2.jar:/Users/subodhshetty/.m2/repository/org/junit/jupiter/junit-jupiter-api/5.12.2/junit-jupiter-api-5.12.2.jar:/Users/subodhshetty/.m2/repository/org/opentest4j/opentest4j/1.3.0/opentest4j-1.3.0.jar:/Users/subodhshetty/.m2/repository/org/junit/platform/junit-platform-commons/1.12.2/junit-platform-commons-1.12.2.jar:/Users/subodhshetty/.m2/repository/org/apiguardian/apiguardian-api/1.1.2/apiguardian-api-1.1.2.jar:/Users/subodhshetty/.m2/repository/org/junit/jupiter/junit-jupiter-params/5.12.2/junit-jupiter-params-5.12.2.jar:/Users/subodhshetty/.m2/repository/org/junit/jupiter/junit-jupiter-engine/5.12.2/junit-jupiter-engine-5.12.2.jar:/Users/subodhshetty/.m2/repository/org/junit/platform/junit-platform-engine/1.12.2/junit-platform-engine-1.12.2.jar:/Users/subodhshetty/.m2/repository/org/mockito/mockito-core/5.17.0/mockito-core-5.17.0.jar:/Users/subodhshetty/.m2/repository/net/bytebuddy/byte-buddy-agent/1.17.7/byte-buddy-agent-1.17.7.jar:/Users/subodhshetty/.m2/repository/org/objenesis/objenesis/3.3/objenesis-3.3.jar:/Users/subodhshetty/.m2/repository/org/mockito/mockito-junit-jupiter/5.17.0/mockito-junit-jupiter-5.17.0.jar:/Users/subodhshetty/.m2/repository/org/skyscreamer/jsonassert/1.5.3/jsonassert-1.5.3.jar:/Users/subodhshetty/.m2/repository/com/vaadin/external/google/android-json/0.0.20131108.vaadin1/android-json-0.0.20131108.vaadin1.jar:/Users/subodhshetty/.m2/repository/org/springframework/spring-test/6.2.10/spring-test-6.2.10.jar:/Users/subodhshetty/.m2/repository/org/xmlunit/xmlunit-core/2.10.3/xmlunit-core-2.10.3.jar:/Users/subodhshetty/.m2/repository/org/springframework/boot/spring-boot-starter-web/3.5.5/spring-boot-starter-web-3.5.5.jar:/Users/subodhshetty/.m2/repository/org/springframework/boot/spring-boot-starter-json/3.5.5/spring-boot-starter-json-3.5.5.jar:/Users/subodhshetty/.m2/repository/com/fasterxml/jackson/core/jackson-databind/2.19.2/jackson-databind-2.19.2.jar:/Users/subodhshetty/.m2/repository/com/fasterxml/jackson/core/jackson-annotations/2.19.2/jackson-annotations-2.19.2.jar:/Users/subodhshetty/.m2/repository/com/fasterxml/jackson/core/jackson-core/2.19.2/jackson-core-2.19.2.jar:/Users/subodhshetty/.m2/repository/com/fasterxml/jackson/datatype/jackson-datatype-jdk8/2.19.2/jackson-datatype-jdk8-2.19.2.jar:/Users/subodhshetty/.m2/repository/com/fasterxml/jackson/datatype/jackson-datatype-jsr310/2.19.2/jackson-datatype-jsr310-2.19.2.jar:/Users/subodhshetty/.m2/repository/com/fasterxml/jackson/module/jackson-module-parameter-names/2.19.2/jackson-module-parameter-names-2.19.2.jar:/Users/subodhshetty/.m2/repository/org/springframework/boot/spring-boot-starter-tomcat/3.5.5/spring-boot-starter-tomcat-3.5.5.jar:/Users/subodhshetty/.m2/repository/org/apache/tomcat/embed/tomcat-embed-core/10.1.44/tomcat-embed-core-10.1.44.jar:/Users/subodhshetty/.m2/repository/org/apache/tomcat/embed/tomcat-embed-el/10.1.44/tomcat-embed-el-10.1.44.jar:/Users/subodhshetty/.m2/repository/org/apache/tomcat/embed/tomcat-embed-websocket/10.1.44/tomcat-embed-websocket-10.1.44.jar:/Users/subodhshetty/.m2/repository/org/springframework/spring-web/6.2.10/spring-web-6.2.10.jar:/Users/subodhshetty/.m2/repository/org/springframework/spring-beans/6.2.10/spring-beans-6.2.10.jar:/Users/subodhshetty/.m2/repository/io/micrometer/micrometer-observation/1.15.3/micrometer-observation-1.15.3.jar:/Users/subodhshetty/.m2/repository/io/micrometer/micrometer-commons/1.15.3/micrometer-commons-1.15.3.jar:/Users/subodhshetty/.m2/repository/org/springframework/spring-webmvc/6.2.10/spring-webmvc-6.2.10.jar:/Users/subodhshetty/.m2/repository/org/springframework/spring-aop/6.2.10/spring-aop-6.2.10.jar:/Users/subodhshetty/.m2/repository/org/springframework/spring-expression/6.2.10/spring-expression-6.2.10.jar:"/>
    <property name="java.vm.vendor" value="Homebrew"/>
    <property name="sun.arch.data.model" value="64"/>
    <property name="java.vendor.url" value="https://github.com/Homebrew/homebrew-core/issues"/>
    <property name="user.timezone" value="Asia/Kolkata"/>
    <property name="os.name" value="Mac OS X"/>
    <property name="java.vm.specification.version" value="24"/>
    <property name="APPLICATION_NAME" value="Scheduling-Demo"/>
    <property name="sun.java.launcher" value="SUN_STANDARD"/>
    <property name="user.country" value="IN"/>
    <property name="sun.boot.library.path" value="/usr/local/Cellar/openjdk/24.0.2/libexec/openjdk.jdk/Contents/Home/lib"/>
    <property name="sun.java.command" value="/Users/subodhshetty/Documents/Codes/Scheduling-Demo/target/surefire/surefirebooter-20250910191937201_3.jar /Users/subodhshetty/Documents/Codes/Scheduling-Demo/target/surefire 2025-09-10T19-19-36_863-jvmRun1 surefire-20250910191937201_1tmp surefire_0-20250910191937201_2tmp"/>
    <property name="http.nonProxyHosts" value="local|*.local|169.254/16|*.169.254/16"/>
    <property name="jdk.debug" value="release"/>
    <property name="surefire.test.class.path" value="/Users/subodhshetty/Documents/Codes/Scheduling-Demo/target/test-classes:/Users/subodhshetty/Documents/Codes/Scheduling-Demo/target/classes:/Users/subodhshetty/.m2/repository/org/springframework/boot/spring-boot-starter/3.5.5/spring-boot-starter-3.5.5.jar:/Users/subodhshetty/.m2/repository/org/springframework/boot/spring-boot/3.5.5/spring-boot-3.5.5.jar:/Users/subodhshetty/.m2/repository/org/springframework/spring-context/6.2.10/spring-context-6.2.10.jar:/Users/subodhshetty/.m2/repository/org/springframework/boot/spring-boot-autoconfigure/3.5.5/spring-boot-autoconfigure-3.5.5.jar:/Users/subodhshetty/.m2/repository/org/springframework/boot/spring-boot-starter-logging/3.5.5/spring-boot-starter-logging-3.5.5.jar:/Users/subodhshetty/.m2/repository/ch/qos/logback/logback-classic/1.5.18/logback-classic-1.5.18.jar:/Users/subodhshetty/.m2/repository/ch/qos/logback/logback-core/1.5.18/logback-core-1.5.18.jar:/Users/subodhshetty/.m2/repository/org/apache/logging/log4j/log4j-to-slf4j/2.24.3/log4j-to-slf4j-2.24.3.jar:/Users/subodhshetty/.m2/repository/org/apache/logging/log4j/log4j-api/2.24.3/log4j-api-2.24.3.jar:/Users/subodhshetty/.m2/repository/org/slf4j/jul-to-slf4j/2.0.17/jul-to-slf4j-2.0.17.jar:/Users/subodhshetty/.m2/repository/jakarta/annotation/jakarta.annotation-api/2.1.1/jakarta.annotation-api-2.1.1.jar:/Users/subodhshetty/.m2/repository/org/springframework/spring-core/6.2.10/spring-core-6.2.10.jar:/Users/subodhshetty/.m2/repository/org/springframework/spring-jcl/6.2.10/spring-jcl-6.2.10.jar:/Users/subodhshetty/.m2/repository/org/yaml/snakeyaml/2.4/snakeyaml-2.4.jar:/Users/subodhshetty/.m2/repository/org/springframework/boot/spring-boot-starter-test/3.5.5/spring-boot-starter-test-3.5.5.jar:/Users/subodhshetty/.m2/repository/org/springframework/boot/spring-boot-test/3.5.5/spring-boot-test-3.5.5.jar:/Users/subodhshetty/.m2/repository/org/springframework/boot/spring-boot-test-autoconfigure/3.5.5/spring-boot-test-autoconfigure-3.5.5.jar:/Users/subodhshetty/.m2/repository/com/jayway/jsonpath/json-path/2.9.0/json-path-2.9.0.jar:/Users/subodhshetty/.m2/repository/org/slf4j/slf4j-api/2.0.17/slf4j-api-2.0.17.jar:/Users/subodhshetty/.m2/repository/jakarta/xml/bind/jakarta.xml.bind-api/4.0.2/jakarta.xml.bind-api-4.0.2.jar:/Users/subodhshetty/.m2/repository/jakarta/activation/jakarta.activation-api/2.1.3/jakarta.activation-api-2.1.3.jar:/Users/subodhshetty/.m2/repository/net/minidev/json-smart/2.5.2/json-smart-2.5.2.jar:/Users/subodhshetty/.m2/repository/net/minidev/accessors-smart/2.5.2/accessors-smart-2.5.2.jar:/Users/subodhshetty/.m2/repository/org/ow2/asm/asm/9.7.1/asm-9.7.1.jar:/Users/subodhshetty/.m2/repository/org/assertj/assertj-core/3.27.4/assertj-core-3.27.4.jar:/Users/subodhshetty/.m2/repository/net/bytebuddy/byte-buddy/1.17.7/byte-buddy-1.17.7.jar:/Users/subodhshetty/.m2/repository/org/awaitility/awaitility/4.2.2/awaitility-4.2.2.jar:/Users/subodhshetty/.m2/repository/org/hamcrest/hamcrest/3.0/hamcrest-3.0.jar:/Users/subodhshetty/.m2/repository/org/junit/jupiter/junit-jupiter/5.12.2/junit-jupiter-5.12.2.jar:/Users/subodhshetty/.m2/repository/org/junit/jupiter/junit-jupiter-api/5.12.2/junit-jupiter-api-5.12.2.jar:/Users/subodhshetty/.m2/repository/org/opentest4j/opentest4j/1.3.0/opentest4j-1.3.0.jar:/Users/subodhshetty/.m2/repository/org/junit/platform/junit-platform-commons/1.12.2/junit-platform-commons-1.12.2.jar:/Users/subodhshetty/.m2/repository/org/apiguardian/apiguardian-api/1.1.2/apiguardian-api-1.1.2.jar:/Users/subodhshetty/.m2/repository/org/junit/jupiter/junit-jupiter-params/5.12.2/junit-jupiter-params-5.12.2.jar:/Users/subodhshetty/.m2/repository/org/junit/jupiter/junit-jupiter-engine/5.12.2/junit-jupiter-engine-5.12.2.jar:/Users/subodhshetty/.m2/repository/org/junit/platform/junit-platform-engine/1.12.2/junit-platform-engine-1.12.2.jar:/Users/subodhshetty/.m2/repository/org/mockito/mockito-core/5.17.0/mockito-core-5.17.0.jar:/Users/subodhshetty/.m2/repository/net/bytebuddy/byte-buddy-agent/1.17.7/byte-buddy-agent-1.17.7.jar:/Users/subodhshetty/.m2/repository/org/objenesis/objenesis/3.3/objenesis-3.3.jar:/Users/subodhshetty/.m2/repository/org/mockito/mockito-junit-jupiter/5.17.0/mockito-junit-jupiter-5.17.0.jar:/Users/subodhshetty/.m2/repository/org/skyscreamer/jsonassert/1.5.3/jsonassert-1.5.3.jar:/Users/subodhshetty/.m2/repository/com/vaadin/external/google/android-json/0.0.20131108.vaadin1/android-json-0.0.20131108.vaadin1.jar:/Users/subodhshetty/.m2/repository/org/springframework/spring-test/6.2.10/spring-test-6.2.10.jar:/Users/subodhshetty/.m2/repository/org/xmlunit/xmlunit-core/2.10.3/xmlunit-core-2.10.3.jar:/Users/subodhshetty/.m2/repository/org/springframework/boot/spring-boot-starter-web/3.5.5/spring-boot-starter-web-3.5.5.jar:/Users/subodhshetty/.m2/repository/org/springframework/boot/spring-boot-starter-json/3.5.5/spring-boot-starter-json-3.5.5.jar:/Users/subodhshetty/.m2/repository/com/fasterxml/jackson/core/jackson-databind/2.19.2/jackson-databind-2.19.2.jar:/Users/subodhshetty/.m2/repository/com/fasterxml/jackson/core/jackson-annotations/2.19.2/jackson-annotations-2.19.2.jar:/Users/subodhshetty/.m2/repository/com/fasterxml/jackson/core/jackson-core/2.19.2/jackson-core-2.19.2.jar:/Users/subodhshetty/.m2/repository/com/fasterxml/jackson/datatype/jackson-datatype-jdk8/2.19.2/jackson-datatype-jdk8-2.19.2.jar:/Users/subodhshetty/.m2/repository/com/fasterxml/jackson/datatype/jackson-datatype-jsr310/2.19.2/jackson-datatype-jsr310-2.19.2.jar:/Users/subodhshetty/.m2/repository/com/fasterxml/jackson/module/jackson-module-parameter-names/2.19.2/jackson-module-parameter-names-2.19.2.jar:/Users/subodhshetty/.m2/repository/org/springframework/boot/spring-boot-starter-tomcat/3.5.5/spring-boot-starter-tomcat-3.5.5.jar:/Users/subodhshetty/.m2/repository/org/apache/tomcat/embed/tomcat-embed-core/10.1.44/tomcat-embed-core-10.1.44.jar:/Users/subodhshetty/.m2/repository/org/apache/tomcat/embed/tomcat-embed-el/10.1.44/tomcat-embed-el-10.1.44.jar:/Users/subodhshetty/.m2/repository/org/apache/tomcat/embed/tomcat-embed-websocket/10.1.44/tomcat-embed-websocket-10.1.44.jar:/Users/subodhshetty/.m2/repository/org/springframework/spring-web/6.2.10/spring-web-6.2.10.jar:/Users/subodhshetty/.m2/repository/org/springframework/spring-beans/6.2.10/spring-beans-6.2.10.jar:/Users/subodhshetty/.m2/repository/io/micrometer/micrometer-observation/1.15.3/micrometer-observation-1.15.3.jar:/Users/subodhshetty/.m2/repository/io/micrometer/micrometer-commons/1.15.3/micrometer-commons-1.15.3.jar:/Users/subodhshetty/.m2/repository/org/springframework/spring-webmvc/6.2.10/spring-webmvc-6.2.10.jar:/Users/subodhshetty/.m2/repository/org/springframework/spring-aop/6.2.10/spring-aop-6.2.10.jar:/Users/subodhshetty/.m2/repository/org/springframework/spring-expression/6.2.10/spring-expression-6.2.10.jar:"/>
    <property name="sun.cpu.endian" value="little"/>
    <property name="user.home" value="/Users/subodhshetty"/>
    <property name="user.language" value="en"/>
    <property name="java.specification.vendor" value="Oracle Corporation"/>
    <property name="java.version.date" value="2025-07-15"/>
    <property name="java.home" value="/usr/local/Cellar/openjdk/24.0.2/libexec/openjdk.jdk/Contents/Home"/>
    <property name="file.separator" value="/"/>
    <property name="basedir" value="/Users/subodhshetty/Documents/Codes/Scheduling-Demo"/>
    <property name="java.vm.compressedOopsMode" value="Zero based"/>
    <property name="line.separator" value="&#10;"/>
    <property name="java.vm.specification.vendor" value="Oracle Corporation"/>
    <property name="java.specification.name" value="Java Platform API Specification"/>
    <property name="FILE_LOG_CHARSET" value="UTF-8"/>
    <property name="java.awt.headless" value="true"/>
    <property name="apple.awt.application.name" value="ForkedBooter"/>
    <property name="surefire.real.class.path" value="/Users/subodhshetty/Documents/Codes/Scheduling-Demo/target/surefire/surefirebooter-20250910191937201_3.jar"/>
    <property name="sun.management.compiler" value="HotSpot 64-Bit Tiered Compilers"/>
    <property name="ftp.nonProxyHosts" value="local|*.local|169.254/16|*.169.254/16"/>
    <property name="java.runtime.version" value="24.0.2"/>
    <property name="user.name" value="subodhshetty"/>
    <property name="stdout.encoding" value="UTF-8"/>
    <property name="path.separator" value=":"/>
    <property name="os.version" value="14.7.7"/>
    <property name="java.runtime.name" value="OpenJDK Runtime Environment"/>
    <property name="file.encoding" value="UTF-8"/>
    <property name="java.vm.name" value="OpenJDK 64-Bit Server VM"/>
    <property name="java.vendor.version" value="Homebrew"/>
    <property name="localRepository" value="/Users/subodhshetty/.m2/repository"/>
    <property name="java.vendor.url.bug" value="https://github.com/Homebrew/homebrew-core/issues"/>
    <property name="java.io.tmpdir" value="/var/folders/s5/fmwxdw5d5b166n95vfz659cw0000gp/T/"/>
    <property name="java.version" value="24.0.2"/>
    <property name="user.dir" value="/Users/subodhshetty/Documents/Codes/Scheduling-Demo"/>
    <property name="os.arch" value="x86_64"/>
    <property name="java.vm.specification.name" value="Java Virtual Machine Specification"/>
    <property name="PID" value="77573"/>
    <property name="CONSOLE_LOG_CHARSET" value="UTF-8"/>
    <property name="native.encoding" value="UTF-8"/>
    <property name="java.library.path" value="/Users/subodhshetty/Library/Java/Extensions:/Library/Java/Extensions:/Network/Library/Java/Extensions:/System/Library/Java/Extensions:/usr/lib/java:."/>
    <property name="java.vm.info" value="mixed mode, sharing"/>
    <property name="stderr.encoding" value="UTF-8"/>
    <property name="java.vendor" value="Homebrew"/>
    <property name="java.vm.version" value="24.0.2"/>
    <property name="sun.io.unicode.encoding" value="UnicodeBig"/>
    <property name="socksNonProxyHosts" value="local|*.local|169.254/16|*.169.254/16"/>
    <property name="java.class.version" value="68.0"/>
    <property name="LOGGED_APPLICATION_NAME" value="[Scheduling-Demo] "/>
  </properties>
  <testcase name="contextLoads" classname="com.example.schedulingdemo.SchedulingDemoApplicationTests" time="0.883">
    <system-out><![CDATA[19:19:38.024 [main] INFO org.springframework.test.context.support.AnnotationConfigContextLoaderUtils -- Could not detect default configuration classes for test class [com.example.schedulingdemo.SchedulingDemoApplicationTests]: SchedulingDemoApplicationTests does not declare any static, non-private, non-final, nested classes annotated with @Configuration.
19:19:38.196 [main] INFO org.springframework.boot.test.context.SpringBootTestContextBootstrapper -- Found @SpringBootConfiguration com.example.schedulingdemo.SchedulingDemoApplication for test class com.example.schedulingdemo.SchedulingDemoApplicationTests

  .   ____          _            __ _ _
 /\\ / ___'_ __ _ _(_)_ __  __ _ \ \ \ \
( ( )\___ | '_ | '_| | '_ \/ _` | \ \ \ \
 \\/  ___)| |_)| | | | | || (_| |  ) ) ) )
  '  |____| .__|_| |_|_| |_\__, | / / / /
 =========|_|==============|___/=/_/_/_/

 :: Spring Boot ::                (v3.5.5)

2025-09-10T19:19:38.649+05:30  INFO 77573 --- [Scheduling-Demo] [           main] c.e.s.SchedulingDemoApplicationTests     : Starting SchedulingDemoApplicationTests using Java 24.0.2 with PID 77573 (started by subodhshetty in /Users/subodhshetty/Documents/Codes/Scheduling-Demo)
2025-09-10T19:19:38.651+05:30  INFO 77573 --- [Scheduling-Demo] [           main] c.e.s.SchedulingDemoApplicationTests     : No active profile set, falling back to 1 default profile: "default"
2025-09-10T19:19:39.759+05:30  INFO 77573 --- [Scheduling-Demo] [           main] c.e.s.SchedulingDemoApplicationTests     : Started SchedulingDemoApplicationTests in 1.387 seconds (process running for 2.464)
2025-09-10T19:19:39.763+05:30  INFO 77573 --- [Scheduling-Demo] [    dyn-sched-2] c.example.schedulingdemo.ScheduledTasks  : fiveSecondsAfterFinish -> 2025-09-10T19:19:39.763566
2025-09-10T19:19:39.763+05:30  INFO 77573 --- [Scheduling-Demo] [    dyn-sched-1] c.example.schedulingdemo.ScheduledTasks  : everyFiveSeconds -> 2025-09-10T19:19:39.763567
]]></system-out>
    <system-err><![CDATA[Mockito is currently self-attaching to enable the inline-mock-maker. This will no longer work in future releases of the JDK. Please add Mockito as an agent to your build as described in Mockito's documentation: https://javadoc.io/doc/org.mockito/mockito-core/latest/org.mockito/org/mockito/Mockito.html#0.3
WARNING: A Java agent has been loaded dynamically (/Users/subodhshetty/.m2/repository/net/bytebuddy/byte-buddy-agent/1.17.7/byte-buddy-agent-1.17.7.jar)
WARNING: If a serviceability tool is in use, please run with -XX:+EnableDynamicAgentLoading to hide this warning
WARNING: If a serviceability tool is not in use, please run with -Djdk.instrument.traceUsage for more information
WARNING: Dynamic loading of agents will be disallowed by default in a future release
]]></system-err>
  </testcase>
</testsuite>